{"C:\\Users\\jason\\programacion\\taskflow-project\\backend\\server.js": {"path":"C:\\Users\\jason\\programacion\\taskflow-project\\backend\\server.js","statementMap":{"0":{"start":{"line":2,"column":16},"end":{"line":2,"column":34}},"1":{"start":{"line":3,"column":13},"end":{"line":3,"column":28}},"2":{"start":{"line":4,"column":13},"end":{"line":4,"column":28}},"3":{"start":{"line":5,"column":12},"end":{"line":5,"column":35}},"4":{"start":{"line":6,"column":15},"end":{"line":6,"column":34}},"5":{"start":{"line":8,"column":12},"end":{"line":8,"column":21}},"6":{"start":{"line":9,"column":0},"end":{"line":9,"column":16}},"7":{"start":{"line":10,"column":0},"end":{"line":10,"column":24}},"8":{"start":{"line":13,"column":12},"end":{"line":13,"column":14}},"9":{"start":{"line":14,"column":15},"end":{"line":14,"column":17}},"10":{"start":{"line":15,"column":12},"end":{"line":15,"column":14}},"11":{"start":{"line":16,"column":16},"end":{"line":16,"column":17}},"12":{"start":{"line":18,"column":19},"end":{"line":18,"column":40}},"13":{"start":{"line":21,"column":13},"end":{"line":32,"column":1}},"14":{"start":{"line":22,"column":16},"end":{"line":22,"column":67}},"15":{"start":{"line":23,"column":2},"end":{"line":23,"column":63}},"16":{"start":{"line":23,"column":14},"end":{"line":23,"column":63}},"17":{"start":{"line":25,"column":2},"end":{"line":31,"column":3}},"18":{"start":{"line":26,"column":20},"end":{"line":26,"column":49}},"19":{"start":{"line":27,"column":4},"end":{"line":27,"column":23}},"20":{"start":{"line":28,"column":4},"end":{"line":28,"column":11}},"21":{"start":{"line":30,"column":4},"end":{"line":30,"column":51}},"22":{"start":{"line":35,"column":0},"end":{"line":51,"column":3}},"23":{"start":{"line":36,"column":36},"end":{"line":36,"column":44}},"24":{"start":{"line":38,"column":23},"end":{"line":38,"column":57}},"25":{"start":{"line":38,"column":39},"end":{"line":38,"column":56}},"26":{"start":{"line":39,"column":2},"end":{"line":43,"column":3}},"27":{"start":{"line":41,"column":18},"end":{"line":41,"column":70}},"28":{"start":{"line":42,"column":4},"end":{"line":42,"column":94}},"29":{"start":{"line":45,"column":25},"end":{"line":45,"column":56}},"30":{"start":{"line":46,"column":15},"end":{"line":46,"column":73}},"31":{"start":{"line":47,"column":2},"end":{"line":47,"column":19}},"32":{"start":{"line":49,"column":16},"end":{"line":49,"column":60}},"33":{"start":{"line":50,"column":2},"end":{"line":50,"column":58}},"34":{"start":{"line":53,"column":0},"end":{"line":63,"column":3}},"35":{"start":{"line":54,"column":30},"end":{"line":54,"column":38}},"36":{"start":{"line":55,"column":15},"end":{"line":55,"column":49}},"37":{"start":{"line":55,"column":31},"end":{"line":55,"column":48}},"38":{"start":{"line":57,"column":2},"end":{"line":59,"column":3}},"39":{"start":{"line":58,"column":4},"end":{"line":58,"column":64}},"40":{"start":{"line":61,"column":16},"end":{"line":61,"column":60}},"41":{"start":{"line":62,"column":2},"end":{"line":62,"column":69}},"42":{"start":{"line":66,"column":0},"end":{"line":69,"column":3}},"43":{"start":{"line":67,"column":23},"end":{"line":67,"column":76}},"44":{"start":{"line":67,"column":44},"end":{"line":67,"column":75}},"45":{"start":{"line":68,"column":2},"end":{"line":68,"column":25}},"46":{"start":{"line":71,"column":0},"end":{"line":82,"column":3}},"47":{"start":{"line":72,"column":32},"end":{"line":72,"column":40}},"48":{"start":{"line":73,"column":18},"end":{"line":79,"column":3}},"49":{"start":{"line":80,"column":2},"end":{"line":80,"column":25}},"50":{"start":{"line":81,"column":2},"end":{"line":81,"column":20}},"51":{"start":{"line":85,"column":0},"end":{"line":88,"column":3}},"52":{"start":{"line":86,"column":23},"end":{"line":86,"column":77}},"53":{"start":{"line":86,"column":41},"end":{"line":86,"column":76}},"54":{"start":{"line":87,"column":2},"end":{"line":87,"column":25}},"55":{"start":{"line":90,"column":0},"end":{"line":105,"column":3}},"56":{"start":{"line":91,"column":66},"end":{"line":91,"column":74}},"57":{"start":{"line":92,"column":15},"end":{"line":102,"column":3}},"58":{"start":{"line":103,"column":2},"end":{"line":103,"column":19}},"59":{"start":{"line":104,"column":2},"end":{"line":104,"column":17}},"60":{"start":{"line":107,"column":0},"end":{"line":113,"column":3}},"61":{"start":{"line":108,"column":15},"end":{"line":108,"column":53}},"62":{"start":{"line":108,"column":31},"end":{"line":108,"column":52}},"63":{"start":{"line":109,"column":2},"end":{"line":109,"column":68}},"64":{"start":{"line":109,"column":13},"end":{"line":109,"column":68}},"65":{"start":{"line":111,"column":2},"end":{"line":111,"column":32}},"66":{"start":{"line":112,"column":2},"end":{"line":112,"column":17}},"67":{"start":{"line":115,"column":0},"end":{"line":121,"column":3}},"68":{"start":{"line":116,"column":16},"end":{"line":116,"column":59}},"69":{"start":{"line":116,"column":37},"end":{"line":116,"column":58}},"70":{"start":{"line":117,"column":2},"end":{"line":117,"column":75}},"71":{"start":{"line":117,"column":20},"end":{"line":117,"column":75}},"72":{"start":{"line":119,"column":2},"end":{"line":119,"column":25}},"73":{"start":{"line":120,"column":2},"end":{"line":120,"column":36}},"74":{"start":{"line":124,"column":0},"end":{"line":133,"column":3}},"75":{"start":{"line":125,"column":20},"end":{"line":125,"column":66}},"76":{"start":{"line":125,"column":38},"end":{"line":125,"column":65}},"77":{"start":{"line":126,"column":16},"end":{"line":131,"column":3}},"78":{"start":{"line":128,"column":35},"end":{"line":128,"column":57}},"79":{"start":{"line":129,"column":38},"end":{"line":129,"column":64}},"80":{"start":{"line":130,"column":37},"end":{"line":130,"column":61}},"81":{"start":{"line":132,"column":2},"end":{"line":132,"column":18}},"82":{"start":{"line":136,"column":0},"end":{"line":136,"column":67}},"83":{"start":{"line":138,"column":0},"end":{"line":140,"column":3}},"84":{"start":{"line":139,"column":2},"end":{"line":139,"column":72}},"85":{"start":{"line":142,"column":13},"end":{"line":142,"column":37}},"86":{"start":{"line":145,"column":0},"end":{"line":147,"column":1}},"87":{"start":{"line":146,"column":2},"end":{"line":146,"column":72}},"88":{"start":{"line":146,"column":25},"end":{"line":146,"column":70}},"89":{"start":{"line":149,"column":0},"end":{"line":149,"column":21}}},"fnMap":{"0":{"name":"(anonymous_0)","decl":{"start":{"line":21,"column":13},"end":{"line":21,"column":14}},"loc":{"start":{"line":21,"column":33},"end":{"line":32,"column":1}},"line":21},"1":{"name":"(anonymous_1)","decl":{"start":{"line":35,"column":26},"end":{"line":35,"column":27}},"loc":{"start":{"line":35,"column":46},"end":{"line":51,"column":1}},"line":35},"2":{"name":"(anonymous_2)","decl":{"start":{"line":38,"column":34},"end":{"line":38,"column":35}},"loc":{"start":{"line":38,"column":39},"end":{"line":38,"column":56}},"line":38},"3":{"name":"(anonymous_3)","decl":{"start":{"line":53,"column":23},"end":{"line":53,"column":24}},"loc":{"start":{"line":53,"column":43},"end":{"line":63,"column":1}},"line":53},"4":{"name":"(anonymous_4)","decl":{"start":{"line":55,"column":26},"end":{"line":55,"column":27}},"loc":{"start":{"line":55,"column":31},"end":{"line":55,"column":48}},"line":55},"5":{"name":"(anonymous_5)","decl":{"start":{"line":66,"column":31},"end":{"line":66,"column":32}},"loc":{"start":{"line":66,"column":45},"end":{"line":69,"column":1}},"line":66},"6":{"name":"(anonymous_6)","decl":{"start":{"line":67,"column":39},"end":{"line":67,"column":40}},"loc":{"start":{"line":67,"column":44},"end":{"line":67,"column":75}},"line":67},"7":{"name":"(anonymous_7)","decl":{"start":{"line":71,"column":32},"end":{"line":71,"column":33}},"loc":{"start":{"line":71,"column":46},"end":{"line":82,"column":1}},"line":71},"8":{"name":"(anonymous_8)","decl":{"start":{"line":85,"column":39},"end":{"line":85,"column":40}},"loc":{"start":{"line":85,"column":53},"end":{"line":88,"column":1}},"line":85},"9":{"name":"(anonymous_9)","decl":{"start":{"line":86,"column":36},"end":{"line":86,"column":37}},"loc":{"start":{"line":86,"column":41},"end":{"line":86,"column":76}},"line":86},"10":{"name":"(anonymous_10)","decl":{"start":{"line":90,"column":29},"end":{"line":90,"column":30}},"loc":{"start":{"line":90,"column":43},"end":{"line":105,"column":1}},"line":90},"11":{"name":"(anonymous_11)","decl":{"start":{"line":107,"column":32},"end":{"line":107,"column":33}},"loc":{"start":{"line":107,"column":46},"end":{"line":113,"column":1}},"line":107},"12":{"name":"(anonymous_12)","decl":{"start":{"line":108,"column":26},"end":{"line":108,"column":27}},"loc":{"start":{"line":108,"column":31},"end":{"line":108,"column":52}},"line":108},"13":{"name":"(anonymous_13)","decl":{"start":{"line":115,"column":35},"end":{"line":115,"column":36}},"loc":{"start":{"line":115,"column":49},"end":{"line":121,"column":1}},"line":115},"14":{"name":"(anonymous_14)","decl":{"start":{"line":116,"column":32},"end":{"line":116,"column":33}},"loc":{"start":{"line":116,"column":37},"end":{"line":116,"column":58}},"line":116},"15":{"name":"(anonymous_15)","decl":{"start":{"line":124,"column":32},"end":{"line":124,"column":33}},"loc":{"start":{"line":124,"column":46},"end":{"line":133,"column":1}},"line":124},"16":{"name":"(anonymous_16)","decl":{"start":{"line":125,"column":33},"end":{"line":125,"column":34}},"loc":{"start":{"line":125,"column":38},"end":{"line":125,"column":65}},"line":125},"17":{"name":"(anonymous_17)","decl":{"start":{"line":128,"column":30},"end":{"line":128,"column":31}},"loc":{"start":{"line":128,"column":35},"end":{"line":128,"column":57}},"line":128},"18":{"name":"(anonymous_18)","decl":{"start":{"line":129,"column":33},"end":{"line":129,"column":34}},"loc":{"start":{"line":129,"column":38},"end":{"line":129,"column":64}},"line":129},"19":{"name":"(anonymous_19)","decl":{"start":{"line":130,"column":32},"end":{"line":130,"column":33}},"loc":{"start":{"line":130,"column":37},"end":{"line":130,"column":61}},"line":130},"20":{"name":"(anonymous_20)","decl":{"start":{"line":138,"column":13},"end":{"line":138,"column":14}},"loc":{"start":{"line":138,"column":27},"end":{"line":140,"column":1}},"line":138},"21":{"name":"(anonymous_21)","decl":{"start":{"line":146,"column":19},"end":{"line":146,"column":20}},"loc":{"start":{"line":146,"column":25},"end":{"line":146,"column":70}},"line":146}},"branchMap":{"0":{"loc":{"start":{"line":23,"column":2},"end":{"line":23,"column":63}},"type":"if","locations":[{"start":{"line":23,"column":2},"end":{"line":23,"column":63}},{"start":{},"end":{}}],"line":23},"1":{"loc":{"start":{"line":39,"column":2},"end":{"line":43,"column":3}},"type":"if","locations":[{"start":{"line":39,"column":2},"end":{"line":43,"column":3}},{"start":{},"end":{}}],"line":39},"2":{"loc":{"start":{"line":57,"column":2},"end":{"line":59,"column":3}},"type":"if","locations":[{"start":{"line":57,"column":2},"end":{"line":59,"column":3}},{"start":{},"end":{}}],"line":57},"3":{"loc":{"start":{"line":57,"column":6},"end":{"line":57,"column":63}},"type":"binary-expr","locations":[{"start":{"line":57,"column":6},"end":{"line":57,"column":11}},{"start":{"line":57,"column":15},"end":{"line":57,"column":63}}],"line":57},"4":{"loc":{"start":{"line":98,"column":14},"end":{"line":98,"column":34}},"type":"binary-expr","locations":[{"start":{"line":98,"column":14},"end":{"line":98,"column":22}},{"start":{"line":98,"column":26},"end":{"line":98,"column":34}}],"line":98},"5":{"loc":{"start":{"line":109,"column":2},"end":{"line":109,"column":68}},"type":"if","locations":[{"start":{"line":109,"column":2},"end":{"line":109,"column":68}},{"start":{},"end":{}}],"line":109},"6":{"loc":{"start":{"line":117,"column":2},"end":{"line":117,"column":75}},"type":"if","locations":[{"start":{"line":117,"column":2},"end":{"line":117,"column":75}},{"start":{},"end":{}}],"line":117},"7":{"loc":{"start":{"line":142,"column":13},"end":{"line":142,"column":37}},"type":"binary-expr","locations":[{"start":{"line":142,"column":13},"end":{"line":142,"column":29}},{"start":{"line":142,"column":33},"end":{"line":142,"column":37}}],"line":142},"8":{"loc":{"start":{"line":145,"column":0},"end":{"line":147,"column":1}},"type":"if","locations":[{"start":{"line":145,"column":0},"end":{"line":147,"column":1}},{"start":{},"end":{}}],"line":145}},"s":{"0":1,"1":1,"2":1,"3":1,"4":1,"5":1,"6":1,"7":1,"8":1,"9":1,"10":1,"11":1,"12":1,"13":1,"14":6,"15":6,"16":1,"17":5,"18":5,"19":5,"20":5,"21":0,"22":1,"23":2,"24":2,"25":1,"26":2,"27":0,"28":0,"29":2,"30":2,"31":2,"32":2,"33":2,"34":1,"35":1,"36":1,"37":2,"38":1,"39":0,"40":1,"41":1,"42":1,"43":1,"44":1,"45":1,"46":1,"47":1,"48":1,"49":1,"50":1,"51":1,"52":1,"53":1,"54":1,"55":1,"56":1,"57":1,"58":1,"59":1,"60":1,"61":0,"62":0,"63":0,"64":0,"65":0,"66":0,"67":1,"68":0,"69":0,"70":0,"71":0,"72":0,"73":0,"74":1,"75":1,"76":1,"77":1,"78":1,"79":1,"80":1,"81":1,"82":1,"83":1,"84":0,"85":1,"86":1,"87":0,"88":0,"89":1},"f":{"0":6,"1":2,"2":1,"3":1,"4":2,"5":1,"6":1,"7":1,"8":1,"9":1,"10":1,"11":0,"12":0,"13":0,"14":0,"15":1,"16":1,"17":1,"18":1,"19":1,"20":0,"21":0},"b":{"0":[1,5],"1":[0,2],"2":[0,1],"3":[1,1],"4":[1,0],"5":[0,0],"6":[0,0],"7":[1,1],"8":[0,1]},"_coverageSchema":"1a1c01bbd47fc00a2c39e90264f33305004495a9","hash":"c83bcdbb0f651167af60d9c82f64a4c87f4015e6"}
}
