TN:
SF:server.js
FN:21,(anonymous_0)
FN:35,(anonymous_1)
FN:38,(anonymous_2)
FN:53,(anonymous_3)
FN:55,(anonymous_4)
FN:66,(anonymous_5)
FN:67,(anonymous_6)
FN:71,(anonymous_7)
FN:85,(anonymous_8)
FN:86,(anonymous_9)
FN:90,(anonymous_10)
FN:107,(anonymous_11)
FN:108,(anonymous_12)
FN:115,(anonymous_13)
FN:116,(anonymous_14)
FN:124,(anonymous_15)
FN:125,(anonymous_16)
FN:128,(anonymous_17)
FN:129,(anonymous_18)
FN:130,(anonymous_19)
FN:138,(anonymous_20)
FN:146,(anonymous_21)
FNF:22
FNH:16
FNDA:6,(anonymous_0)
FNDA:2,(anonymous_1)
FNDA:1,(anonymous_2)
FNDA:1,(anonymous_3)
FNDA:2,(anonymous_4)
FNDA:1,(anonymous_5)
FNDA:1,(anonymous_6)
FNDA:1,(anonymous_7)
FNDA:1,(anonymous_8)
FNDA:1,(anonymous_9)
FNDA:1,(anonymous_10)
FNDA:0,(anonymous_11)
FNDA:0,(anonymous_12)
FNDA:0,(anonymous_13)
FNDA:0,(anonymous_14)
FNDA:1,(anonymous_15)
FNDA:1,(anonymous_16)
FNDA:1,(anonymous_17)
FNDA:1,(anonymous_18)
FNDA:1,(anonymous_19)
FNDA:0,(anonymous_20)
FNDA:0,(anonymous_21)
DA:2,1
DA:3,1
DA:4,1
DA:5,1
DA:6,1
DA:8,1
DA:9,1
DA:10,1
DA:13,1
DA:14,1
DA:15,1
DA:16,1
DA:18,1
DA:21,1
DA:22,6
DA:23,6
DA:25,5
DA:26,5
DA:27,5
DA:28,5
DA:30,0
DA:35,1
DA:36,2
DA:38,2
DA:39,2
DA:41,0
DA:42,0
DA:45,2
DA:46,2
DA:47,2
DA:49,2
DA:50,2
DA:53,1
DA:54,1
DA:55,2
DA:57,1
DA:58,0
DA:61,1
DA:62,1
DA:66,1
DA:67,1
DA:68,1
DA:71,1
DA:72,1
DA:73,1
DA:80,1
DA:81,1
DA:85,1
DA:86,1
DA:87,1
DA:90,1
DA:91,1
DA:92,1
DA:103,1
DA:104,1
DA:107,1
DA:108,0
DA:109,0
DA:111,0
DA:112,0
DA:115,1
DA:116,0
DA:117,0
DA:119,0
DA:120,0
DA:124,1
DA:125,1
DA:126,1
DA:128,1
DA:129,1
DA:130,1
DA:132,1
DA:136,1
DA:138,1
DA:139,0
DA:142,1
DA:145,1
DA:146,0
DA:149,1
LF:79
LH:65
BRDA:23,0,0,1
BRDA:23,0,1,5
BRDA:39,1,0,0
BRDA:39,1,1,2
BRDA:57,2,0,0
BRDA:57,2,1,1
BRDA:57,3,0,1
BRDA:57,3,1,1
BRDA:98,4,0,1
BRDA:98,4,1,0
BRDA:109,5,0,0
BRDA:109,5,1,0
BRDA:117,6,0,0
BRDA:117,6,1,0
BRDA:142,7,0,1
BRDA:142,7,1,1
BRDA:145,8,0,0
BRDA:145,8,1,1
BRF:18
BRH:10
end_of_record
